<?xml version="1.0" encoding="UTF-8" ?>
<testsuite failures="1" time="120.987" errors="0" skipped="0" tests="2" name="Mave_Project.RodanTest">
  <properties>
[...]
</properties>
  <testcase time="49.738" classname="Mave_Project.RodanTest" name="rodanFieldsTest1"/>
  <testcase time="57.23" classname="Mave_Project.RodanTest" name="rodanFieldsTest2">
    <failure message="Names do not match expected [michael brand] but found [Michael Brand]" type="java.lang.AssertionError">java.lang.AssertionError: Names do not match expected [michael brand] but found [Michael Brand]
	at org.testng.Assert.fail(Assert.java:94)
	at org.testng.Assert.failNotEquals(Assert.java:496)
	at org.testng.Assert.assertEquals(Assert.java:125)
	at org.testng.Assert.assertEquals(Assert.java:178)
	at Mave_Project.RodanTest.rodanFieldsTest2(RodanTest.java:62)
</failure>
    <system-out>https://www.rodanandfields.com/_ui/responsive/common/pdf/Archives/Policies_Procedures_CANADA.pdf
BEFORE michael brand
AFTER Michael Brand
</system-out>
  </testcase>
</testsuite>