<?xml version="1.0" encoding="UTF-8"?>
<testng-results skipped="0" failed="1" total="2" passed="1">
  <reporter-output>
  </reporter-output>
  <suite name="Default suite" duration-ms="121620" started-at="2016-09-03T18:24:44Z" finished-at="2016-09-03T18:26:45Z">
    <groups>
    </groups>
    <test name="Default test" duration-ms="121620" started-at="2016-09-03T18:24:44Z" finished-at="2016-09-03T18:26:45Z">
      <class name="Mave_Project.RodanTest">
        <test-method status="PASS" signature="setUp()[pri:0, instance:Mave_Project.RodanTest@16d1581c]" name="setUp" is-config="true" duration-ms="7503" started-at="2016-09-03T23:54:44Z" finished-at="2016-09-03T23:54:51Z">
          <reporter-output>
          </reporter-output>
        </test-method> <!-- setUp -->
        <test-method status="PASS" signature="setUp()[pri:0, instance:Mave_Project.RodanTest@16d1581c]" name="setUp" is-config="true" duration-ms="2247" started-at="2016-09-03T23:54:51Z" finished-at="2016-09-03T23:54:53Z">
          <reporter-output>
          </reporter-output>
        </test-method> <!-- setUp -->
        <test-method status="PASS" signature="rodanFieldsTest1()[pri:0, instance:Mave_Project.RodanTest@16d1581c]" name="rodanFieldsTest1" duration-ms="49223" started-at="2016-09-03T23:54:53Z" finished-at="2016-09-03T23:55:43Z">
          <reporter-output>
          </reporter-output>
        </test-method> <!-- rodanFieldsTest1 -->
        <test-method status="PASS" signature="setUp()[pri:0, instance:Mave_Project.RodanTest@16d1581c]" name="setUp" is-config="true" duration-ms="2368" started-at="2016-09-03T23:55:44Z" finished-at="2016-09-03T23:55:46Z">
          <reporter-output>
          </reporter-output>
        </test-method> <!-- setUp -->
        <test-method status="FAIL" signature="rodanFieldsTest2()[pri:0, instance:Mave_Project.RodanTest@16d1581c]" name="rodanFieldsTest2" duration-ms="59102" started-at="2016-09-03T23:55:46Z" finished-at="2016-09-03T23:56:45Z">
          <exception class="java.lang.AssertionError">
            <message>
              <![CDATA[Michael Brand expected:<michael brand> but was:<Names do not match>]]>
            </message>
            <full-stacktrace>
              <![CDATA[java.lang.AssertionError: Michael Brand expected:<michael brand> but was:<Names do not match>
	at org.testng.AssertJUnit.assertEquals(AssertJUnit.java:101)
	at Mave_Project.RodanTest.rodanFieldsTest2(RodanTest.java:60)
	at sun.reflect.NativeMethodAccessorImpl.invoke0(Native Method)
	at sun.reflect.NativeMethodAccessorImpl.invoke(NativeMethodAccessorImpl.java:57)
	at sun.reflect.DelegatingMethodAccessorImpl.invoke(DelegatingMethodAccessorImpl.java:43)
	at java.lang.reflect.Method.invoke(Method.java:606)
	at org.testng.internal.MethodInvocationHelper.invokeMethod(MethodInvocationHelper.java:84)
	at org.testng.internal.Invoker.invokeMethod(Invoker.java:714)
	at org.testng.internal.Invoker.invokeTestMethod(Invoker.java:901)
	at org.testng.internal.Invoker.invokeTestMethods(Invoker.java:1231)
	at org.testng.internal.TestMethodWorker.invokeTestMethods(TestMethodWorker.java:127)
	at org.testng.internal.TestMethodWorker.run(TestMethodWorker.java:111)
	at org.testng.TestRunner.privateRun(TestRunner.java:767)
	at org.testng.TestRunner.run(TestRunner.java:617)
	at org.testng.SuiteRunner.runTest(SuiteRunner.java:334)
	at org.testng.SuiteRunner.runSequentially(SuiteRunner.java:329)
	at org.testng.SuiteRunner.privateRun(SuiteRunner.java:291)
	at org.testng.SuiteRunner.run(SuiteRunner.java:240)
	at org.testng.SuiteRunnerWorker.runSuite(SuiteRunnerWorker.java:52)
	at org.testng.SuiteRunnerWorker.run(SuiteRunnerWorker.java:86)
	at org.testng.TestNG.runSuitesSequentially(TestNG.java:1224)
	at org.testng.TestNG.runSuitesLocally(TestNG.java:1149)
	at org.testng.TestNG.run(TestNG.java:1057)
	at org.testng.remote.RemoteTestNG.run(RemoteTestNG.java:111)
	at org.testng.remote.RemoteTestNG.initAndRun(RemoteTestNG.java:204)
	at org.testng.remote.RemoteTestNG.main(RemoteTestNG.java:175)
]]>
            </full-stacktrace>
          </exception> <!-- java.lang.AssertionError -->
          <reporter-output>
          </reporter-output>
        </test-method> <!-- rodanFieldsTest2 -->
      </class> <!-- Mave_Project.RodanTest -->
    </test> <!-- Default test -->
  </suite> <!-- Default suite -->
</testng-results>
